<?xml version="1.0" encoding="UTF-8"?>
<!-- Generated by org.testng.reporters.JUnitReportReporter -->
<testsuite hostname="LAPTOP-MDVV23RL" failures="0" tests="1" name="test.scripts.login" time="0.353" errors="0" timestamp="2022-03-24T20:11:36 IST" skipped="0">
  <testcase classname="test.scripts.login" name="loginPage" time="0.353"/>
  <system-out/>
</testsuite> <!-- test.scripts.login -->
